-------------------------------------------------------------------------------------------------------------------------------------------------------------------------------
      name:  <unnamed>
       log:  M:\1_Colombia\August 2023 revisions\check2.log
  log type:  text
 opened on:  17 Jan 2024, 20:03:47

. areg chgfsh tar8491 fshare84 yrs_exist corp prop if other==0, absorb(sic3) cluster(sic84)

Linear regression, absorbing indicators         Number of obs     =      3,726
Absorbed variable: sic3                         No. of categories =         28
                                                F(   5,     90)   =      13.97
                                                Prob > F          =     0.0000
                                                R-squared         =     0.1935
                                                Adj R-squared     =     0.1865
                                                Root MSE          =     0.1293

                                 (Std. Err. adjusted for 91 clusters in sic84)
------------------------------------------------------------------------------
             |               Robust
      chgfsh |      Coef.   Std. Err.      t    P>|t|     [95% Conf. Interval]
-------------+----------------------------------------------------------------
     tar8491 |  -.1620797    .065093    -2.49   0.015    -.2913982   -.0327612
    fshare84 |   -.327101   .0507357    -6.45   0.000    -.4278964   -.2263056
   yrs_exist |  -.0003903   .0001671    -2.34   0.022    -.0007222   -.0000583
        corp |  -.0150856   .0058947    -2.56   0.012    -.0267965   -.0033748
        prop |   .0111436    .012289     0.91   0.367    -.0132706    .0355578
       _cons |   .0666539     .01608     4.15   0.000     .0347081    .0985996
------------------------------------------------------------------------------

. areg chgfsh tar8491 yrs_exist corp prop if other==0, absorb(sic3) cluster(sic84)

Linear regression, absorbing indicators         Number of obs     =      3,726
Absorbed variable: sic3                         No. of categories =         28
                                                F(   4,     90)   =       3.36
                                                Prob > F          =     0.0130
                                                R-squared         =     0.0247
                                                Adj R-squared     =     0.0165
                                                Root MSE          =     0.1422

                                 (Std. Err. adjusted for 91 clusters in sic84)
------------------------------------------------------------------------------
             |               Robust
      chgfsh |      Coef.   Std. Err.      t    P>|t|     [95% Conf. Interval]
-------------+----------------------------------------------------------------
     tar8491 |   -.012385   .0387287    -0.32   0.750    -.0893264    .0645563
   yrs_exist |  -.0005149   .0001926    -2.67   0.009    -.0008977   -.0001322
        corp |   .0091509   .0055971     1.63   0.106    -.0019687    .0202705
        prop |    .018997   .0123155     1.54   0.126    -.0054699     .043464
       _cons |   .0067948   .0164814     0.41   0.681    -.0259484     .039538
------------------------------------------------------------------------------

. areg chgfsh tar8491 fshare84 intxn22 yrs_exist corp prop if other==0, absorb(sic3) cluster(sic84)

Linear regression, absorbing indicators         Number of obs     =      3,726
Absorbed variable: sic3                         No. of categories =         28
                                                F(   6,     90)   =      14.56
                                                Prob > F          =     0.0000
                                                R-squared         =     0.1941
                                                Adj R-squared     =     0.1869
                                                Root MSE          =     0.1293

                                 (Std. Err. adjusted for 91 clusters in sic84)
------------------------------------------------------------------------------
             |               Robust
      chgfsh |      Coef.   Std. Err.      t    P>|t|     [95% Conf. Interval]
-------------+----------------------------------------------------------------
     tar8491 |  -.1391922   .0694445    -2.00   0.048    -.2771558   -.0012287
    fshare84 |   -.353346   .1030636    -3.43   0.001    -.5580999   -.1485921
     intxn22 |  -.0678348   .1947457    -0.35   0.728    -.4547311    .3190615
   yrs_exist |  -.0003906   .0001675    -2.33   0.022    -.0007234   -.0000578
        corp |  -.0151582   .0058897    -2.57   0.012    -.0268591   -.0034574
        prop |   .0113437   .0119742     0.95   0.346    -.0124452    .0351325
       _cons |   .0727873   .0195882     3.72   0.000     .0338719    .1117027
------------------------------------------------------------------------------

. log close
      name:  <unnamed>
       log:  M:\1_Colombia\August 2023 revisions\check2.log
  log type:  text
 closed on:  17 Jan 2024, 20:06:23
-------------------------------------------------------------------------------------------------------------------------------------------------------------------------------
