CURRENT TABLE 5

Table 5, SIC3 fixed effects
----------------------------------------------------------------------------
                      (1)             (2)             (3)             (4)   
                   chgfsh          chgfsh          chgfsh          chgfsh   
----------------------------------------------------------------------------
tar8491            -0.162**        -0.163***       -0.161***       -0.265***
                  (0.065)         (0.055)         (0.054)         (0.069)   

fshare84           -0.327***       -0.319***       -0.318***       -0.322***
                  (0.051)         (0.042)         (0.041)         (0.043)   

yrs_exist          -0.000**        -0.000          -0.000**        -0.000** 
                  (0.000)         (0.000)         (0.000)         (0.000)   

corp               -0.015**        -0.013**        -0.013**        -0.014** 
                  (0.006)         (0.006)         (0.006)         (0.006)   

prop                0.011           0.010           0.006           0.005   
                  (0.012)         (0.011)         (0.008)         (0.008)   

lnempchg                            0.049***        0.021**         0.019** 
                                  (0.014)         (0.010)         (0.009)   

expchg                                              0.003           0.008   
                                                  (0.028)         (0.027)   

lnsalarychg                                        -0.030***       -0.029***
                                                  (0.009)         (0.008)   

lnprodychg                                         -0.006          -0.006   
                                                  (0.004)         (0.004)   

chgskill                                           -0.004          -0.003   
                                                  (0.028)         (0.028)   

lnenergychg                                        -0.007**        -0.007** 
                                                  (0.003)         (0.003)   

lnklchg                                             0.000           0.001   
                                                  (0.002)         (0.002)   

officechg                                           0.002           0.006   
                                                  (0.018)         (0.017)   

conc4                                                               0.122***
                                                                  (0.044)   

conctarchg                                                          0.249***
                                                                  (0.082)   

_cons               0.067***        0.057***        0.139***        0.084***
                  (0.016)         (0.015)         (0.020)         (0.024)   
----------------------------------------------------------------------------
N                    3726            3726            3677            3677   
R-sq                0.193           0.241           0.232           0.238   
----------------------------------------------------------------------------
Standard errors in parentheses
* p<0.1, ** p<0.05, *** p<0.01

TABLE 5 WITH 1984 LEVELS INSTEAD OF CHANGES

Table 5, SIC3 fixed effects
----------------------------------------------------------------------------
                      (1)             (2)             (3)             (4)   
                   chgfsh          chgfsh          chgfsh          chgfsh   
----------------------------------------------------------------------------
tar84               0.001**         0.001**         0.001***        0.001***
                  (0.000)         (0.000)         (0.000)         (0.001)   

fshare84           -0.325***       -0.324***       -0.326***       -0.325***
                  (0.049)         (0.049)         (0.044)         (0.044)   

yrs_exist          -0.000**        -0.000          -0.000          -0.000   
                  (0.000)         (0.000)         (0.000)         (0.000)   

corp               -0.015**        -0.009          -0.007          -0.009   
                  (0.006)         (0.006)         (0.007)         (0.007)   

prop                0.011           0.008           0.010           0.010   
                  (0.012)         (0.013)         (0.013)         (0.013)   

lnemp84                            -0.005          -0.004          -0.005   
                                  (0.003)         (0.003)         (0.003)   

exp84                                              -0.082          -0.080   
                                                  (0.082)         (0.079)   

lnsalary84                                          0.020           0.018   
                                                  (0.012)         (0.011)   

lnprody84                                          -0.009          -0.008   
                                                  (0.008)         (0.007)   

skill84                                             0.040**         0.040** 
                                                  (0.018)         (0.018)   

lnenergy84                                         -0.010***       -0.009** 
                                                  (0.003)         (0.004)   

lnkl84                                              0.003*          0.003   
                                                  (0.002)         (0.002)   

officeequ~84                                        0.052*          0.048*  
                                                  (0.028)         (0.027)   

conc4                                                               0.105*  
                                                                  (0.059)   

conctar84                                                          -0.001   
                                                                  (0.001)   

_cons               0.055***        0.072***        0.027          -0.015   
                  (0.021)         (0.023)         (0.045)         (0.057)   
----------------------------------------------------------------------------
N                    3726            3726            3723            3723   
R-sq                0.193           0.193           0.205           0.208   
----------------------------------------------------------------------------
Standard errors in parentheses
* p<0.1, ** p<0.05, *** p<0.01

