-------------------------------------------------------------------------------------------------------------------------------------------------------------------------------
      name:  <unnamed>
       log:  M:\1_Colombia\August 2023 revisions\tarlevel.do
  log type:  text
 opened on:  19 Jan 2024, 13:31:34

. correlate tar84 tar8491
(obs=6,138)

             |    tar84  tar8491
-------------+------------------
       tar84 |   1.0000
     tar8491 |  -0.9746   1.0000


. areg chgfsh tar84 fshare84 yrs_exist corp prop if other==0, absorb(sic3) cluster(sic84)

Linear regression, absorbing indicators         Number of obs     =      3,726
Absorbed variable: sic3                         No. of categories =         28
                                                F(   5,     90)   =      12.63
                                                Prob > F          =     0.0000
                                                R-squared         =     0.1925
                                                Adj R-squared     =     0.1855
                                                Root MSE          =     0.1294

                                 (Std. Err. adjusted for 91 clusters in sic84)
------------------------------------------------------------------------------
             |               Robust
      chgfsh |      Coef.   Std. Err.      t    P>|t|     [95% Conf. Interval]
-------------+----------------------------------------------------------------
       tar84 |   .0011575   .0004466     2.59   0.011     .0002703    .0020447
    fshare84 |  -.3246132   .0493652    -6.58   0.000    -.4226858   -.2265405
   yrs_exist |  -.0003887   .0001688    -2.30   0.024    -.0007242   -.0000533
        corp |  -.0149236   .0058743    -2.54   0.013    -.0265939   -.0032533
        prop |   .0110993   .0123479     0.90   0.371     -.013432    .0356305
       _cons |   .0545746    .020589     2.65   0.009     .0136709    .0954783
------------------------------------------------------------------------------

. log close
      name:  <unnamed>
       log:  M:\1_Colombia\August 2023 revisions\tarlevel.do
  log type:  text
 closed on:  19 Jan 2024, 13:31:48
-------------------------------------------------------------------------------------------------------------------------------------------------------------------------------
